<?xml version="1.0" encoding="UTF-8"?>
<testsuite name="HelloWorldTest" tests="1" skipped="0" failures="0" errors="0" timestamp="2023-01-25T12:54:23" hostname="CLEONILDO-JUNIO" time="0.014">
  <properties/>
  <testcase name="helloWorldTest" classname="HelloWorldTest" time="0.014"/>
  <system-out><![CDATA[]]></system-out>
  <system-err><![CDATA[]]></system-err>
</testsuite>
