<?xml version="1.0" encoding="UTF-8"?>
<testsuite name="PangramTest" tests="10" skipped="0" failures="0" errors="0" timestamp="2023-01-25T16:15:42" hostname="CLEONILDO-JUNIO" time="0.036">
  <properties/>
  <testcase name="missingTheLetterH" classname="PangramTest" time="0.033"/>
  <testcase name="missingTheLetterX" classname="PangramTest" time="0.001"/>
  <testcase name="emptySentence" classname="PangramTest" time="0.001"/>
  <testcase name="missingLettersReplacedByNumbers" classname="PangramTest" time="0.0"/>
  <testcase name="withNumbers" classname="PangramTest" time="0.0"/>
  <testcase name="mixedCaseAndPunctuation" classname="PangramTest" time="0.0"/>
  <testcase name="caseInsensitive" classname="PangramTest" time="0.001"/>
  <testcase name="withUnderscores" classname="PangramTest" time="0.0"/>
  <testcase name="onlyLowerCase" classname="PangramTest" time="0.0"/>
  <testcase name="perfectLowerCase" classname="PangramTest" time="0.0"/>
  <system-out><![CDATA[]]></system-out>
  <system-err><![CDATA[]]></system-err>
</testsuite>
