<?xml version="1.0" encoding="UTF-8"?>
<testsuite name="ResistorColorTest" tests="4" skipped="0" failures="0" errors="0" timestamp="2023-01-25T16:53:51" hostname="CLEONILDO-JUNIO" time="0.029">
  <properties/>
  <testcase name="testWhiteColorCode" classname="ResistorColorTest" time="0.016"/>
  <testcase name="testColors" classname="ResistorColorTest" time="0.012"/>
  <testcase name="testBlackColorCode" classname="ResistorColorTest" time="0.0"/>
  <testcase name="testOrangeColorCode" classname="ResistorColorTest" time="0.0"/>
  <system-out><![CDATA[]]></system-out>
  <system-err><![CDATA[]]></system-err>
</testsuite>
